<?xml version="1.0" encoding="UTF-8"?>
<!-- Generated by org.testng.reporters.JUnitXMLReporter -->
<testsuite ignored="1" hostname="DESKTOP-O2G1R7C" failures="1" tests="5" name="Test" time="131.635" errors="0" timestamp="2024-03-16T13:45:32 IST">
  <testcase classname="fjportal.CreateNewEntity" name="CreateNewEntity" time="35.613"/>
  <testcase classname="fjportal.CreateNewExisitingEntity" name="CreateNewExisitingEntity" time="26.364"/>
  <testcase classname="fjportal.RegisteredAgent" name="RegisteredAgent" time="25.3">
    <failure type="org.openqa.selenium.ElementNotInteractableException" message="element not interactable
  (Session info: chrome=122.0.6261.95)
Build info: version: &amp;apos;4.18.1&amp;apos;, revision: &amp;apos;b1d3319b48&amp;apos;
System info: os.name: &amp;apos;Windows 11&amp;apos;, os.arch: &amp;apos;amd64&amp;apos;, os.version: &amp;apos;10.0&amp;apos;, java.version: &amp;apos;21.0.2&amp;apos;
Driver info: org.openqa.selenium.chrome.ChromeDriver
Command: [7dcb7ff75a9ac1e3a81157d14ae9de8a, clickElement {id=f.34066DEBC190B52F1082CA03490604AD.d.AEB1BE626DDBD85CC1BB79F5C711F62A.e.34202}]
Capabilities {acceptInsecureCerts: false, browserName: chrome, browserVersion: 122.0.6261.95, chrome: {chromedriverVersion: 122.0.6261.128 (f18a44fedeb..., userDataDir: C:\Users\DELL\AppData\Local...}, fedcm:accounts: true, goog:chromeOptions: {debuggerAddress: localhost:55298}, networkConnectionEnabled: false, pageLoadStrategy: normal, platformName: windows, proxy: Proxy(), se:cdp: ws://localhost:55298/devtoo..., se:cdpVersion: 122.0.6261.95, setWindowRect: true, strictFileInteractability: false, timeouts: {implicit: 0, pageLoad: 300000, script: 30000}, unhandledPromptBehavior: dismiss and notify, webauthn:extension:credBlob: true, webauthn:extension:largeBlob: true, webauthn:extension:minPinLength: true, webauthn:extension:prf: true, webauthn:virtualAuthenticators: true}
Element: [[ChromeDriver: chrome on windows (7dcb7ff75a9ac1e3a81157d14ae9de8a)] -&amp;gt; xpath: //a[@class=&amp;apos;btn btn-info px-5 py-3 rounded-3 ms-3&amp;apos;]]
Session ID: 7dcb7ff75a9ac1e3a81157d14ae9de8a">
      <![CDATA[org.openqa.selenium.ElementNotInteractableException: element not interactable
  (Session info: chrome=122.0.6261.95)
Build info: version: '4.18.1', revision: 'b1d3319b48'
System info: os.name: 'Windows 11', os.arch: 'amd64', os.version: '10.0', java.version: '21.0.2'
Driver info: org.openqa.selenium.chrome.ChromeDriver
Command: [7dcb7ff75a9ac1e3a81157d14ae9de8a, clickElement {id=f.34066DEBC190B52F1082CA03490604AD.d.AEB1BE626DDBD85CC1BB79F5C711F62A.e.34202}]
Capabilities {acceptInsecureCerts: false, browserName: chrome, browserVersion: 122.0.6261.95, chrome: {chromedriverVersion: 122.0.6261.128 (f18a44fedeb..., userDataDir: C:\Users\DELL\AppData\Local...}, fedcm:accounts: true, goog:chromeOptions: {debuggerAddress: localhost:55298}, networkConnectionEnabled: false, pageLoadStrategy: normal, platformName: windows, proxy: Proxy(), se:cdp: ws://localhost:55298/devtoo..., se:cdpVersion: 122.0.6261.95, setWindowRect: true, strictFileInteractability: false, timeouts: {implicit: 0, pageLoad: 300000, script: 30000}, unhandledPromptBehavior: dismiss and notify, webauthn:extension:credBlob: true, webauthn:extension:largeBlob: true, webauthn:extension:minPinLength: true, webauthn:extension:prf: true, webauthn:virtualAuthenticators: true}
Element: [[ChromeDriver: chrome on windows (7dcb7ff75a9ac1e3a81157d14ae9de8a)] -> xpath: //a[@class='btn btn-info px-5 py-3 rounded-3 ms-3']]
Session ID: 7dcb7ff75a9ac1e3a81157d14ae9de8a
at org.openqa.selenium.remote.ErrorCodec.decode(ErrorCodec.java:167)
at org.openqa.selenium.remote.codec.w3c.W3CHttpResponseCodec.decode(W3CHttpResponseCodec.java:138)
at org.openqa.selenium.remote.codec.w3c.W3CHttpResponseCodec.decode(W3CHttpResponseCodec.java:50)
at org.openqa.selenium.remote.HttpCommandExecutor.execute(HttpCommandExecutor.java:190)
at org.openqa.selenium.remote.service.DriverCommandExecutor.invokeExecute(DriverCommandExecutor.java:216)
at org.openqa.selenium.remote.service.DriverCommandExecutor.execute(DriverCommandExecutor.java:174)
at org.openqa.selenium.remote.RemoteWebDriver.execute(RemoteWebDriver.java:519)
at org.openqa.selenium.remote.RemoteWebElement.execute(RemoteWebElement.java:223)
at org.openqa.selenium.remote.RemoteWebElement.click(RemoteWebElement.java:76)
at fjportal.RegisteredAgent.RegisteredAgent(RegisteredAgent.java:38)
at java.base/java.util.ArrayList.forEach(ArrayList.java:1596)
... Removed 28 stack frames]]>
    </failure>
  </testcase> <!-- RegisteredAgent -->
  <testcase classname="fjportal.AdminPortal.AdminPortalLogin" name="AdminPortalLogin" time="15.871"/>
  <testcase classname="fjportal.AdminPortal.PartnerView" name="PartnerView" time="11.908"/>
  <testcase classname="fjportal.App" name="@BeforeTest App" time="0.0">
    <ignored/>
  </testcase> <!-- @BeforeTest App -->
</testsuite> <!-- Test -->
